<?xml version="1.0" encoding="UTF-8"?>
<!-- Generated by org.testng.reporters.JUnitReportReporter -->
<testsuite hostname="NevaanSengar" failures="0" tests="6" name="testrunners.MyTestRunner" time="35.238" errors="0" timestamp="2024-01-30T17:41:45 EST" skipped="0">
  <testcase classname="testrunners.MyTestRunner" name="runScenario" time="6.090"/>
  <testcase classname="testrunners.MyTestRunner" name="runScenario" time="5.828"/>
  <testcase classname="testrunners.MyTestRunner" name="runScenario" time="6.356"/>
  <testcase classname="testrunners.MyTestRunner" name="runScenario" time="5.018"/>
  <testcase classname="testrunners.MyTestRunner" name="runScenario" time="6.105"/>
  <testcase classname="testrunners.MyTestRunner" name="runScenario" time="5.841"/>
</testsuite> <!-- testrunners.MyTestRunner -->
